<?xml version="1.0" encoding="UTF-8"?>
<!-- Generated by org.testng.reporters.JUnitReportReporter -->
<testsuite hostname="IBM-PF3F1CN9" failures="0" tests="1" name="Batch1Test.LaunchFBUsingTestNg" time="0.295" errors="0" timestamp="2022-11-04T09:42:11 IST" skipped="0">
  <testcase classname="Batch1Test.LaunchFBUsingTestNg" name="enterUserAndPassName" time="0.295"/>
  <system-out/>
</testsuite> <!-- Batch1Test.LaunchFBUsingTestNg -->
