<?xml version="1.0" encoding="UTF-8"?>
<!-- Generated by org.testng.reporters.JUnitReportReporter -->
<testsuite hostname="IBM-PF3F1CN9" failures="0" tests="2" name="Batch1Test.FirstTsetNGAnnotation" time="0.016" errors="0" timestamp="2022-11-04T09:42:11 IST" skipped="0">
  <testcase classname="Batch1Test.FirstTsetNGAnnotation" name="firstTSNGM" time="0.013"/>
  <system-out/>
  <testcase classname="Batch1Test.FirstTsetNGAnnotation" name="secondTSNGM" time="0.003"/>
  <system-out/>
</testsuite> <!-- Batch1Test.FirstTsetNGAnnotation -->
